----------------------------------------------------------------
Fri Aug 23 15:39:32 CDT 2019:
Booting Derby version The Apache Software Foundation - Apache Derby - 10.8.3.0 - (1405108): instance a816c00e-016c-c034-ab20-000004dc9638 
on database directory C:\MongoImport\SQL_Database_Setup\GamificationDB  with class loader sun.misc.Launcher$AppClassLoader@73d16e93 
Loaded from file:/C:/Users/isrivastava/.m2/repository/org/apache/derby/derby/10.8.3.0/derby-10.8.3.0.jar
java.vendor=Oracle Corporation
java.runtime.version=1.8.0_144-b01
user.dir=C:\MongoImport\SQL_Database_Setup
os.name=Windows 10
os.arch=amd64
os.version=10.0
derby.system.home=null
Database Class Loader started - derby.database.classpath=''
----------------------------------------------------------------
Fri Aug 23 15:39:59 CDT 2019:
Booting Derby version The Apache Software Foundation - Apache Derby - 10.8.3.0 - (1405108): instance 61cd711e-016c-c034-ab20-000004dc9638 
on database directory C:\MongoImport\SQL_Database_Setup\NormalizedDB  with class loader sun.misc.Launcher$AppClassLoader@73d16e93 
Loaded from file:/C:/Users/isrivastava/.m2/repository/org/apache/derby/derby/10.8.3.0/derby-10.8.3.0.jar
java.vendor=Oracle Corporation
java.runtime.version=1.8.0_144-b01
user.dir=C:\MongoImport\SQL_Database_Setup
os.name=Windows 10
os.arch=amd64
os.version=10.0
derby.system.home=null
Database Class Loader started - derby.database.classpath=''
